

Started GET "/" for 127.0.0.1 at 2012-04-13 21:04:07 +0200
Processing by PublicController#index as HTML
  Rendered public/index.html.erb within layouts/registration (60.3ms)
Completed 500 Internal Server Error in 66ms

ActionView::Template::Error (Could not find table 'users'):
    10: 	<% end %>
    11: 
    12: 
    13: <%= form_for(resource, :as => resource_name, :url => session_path(resource_name)) do |f| %>
    14:   <div class="signup-form-field"><%= f.label :email %>
    15:  <%= f.text_field :email %></div>
    16:   <div class="signup-form-field"><%= f.label :password %>
  app/helpers/application_helper.rb:58:in `new'
  app/helpers/application_helper.rb:58:in `resource'
  app/views/public/index.html.erb:13:in `_app_views_public_index_html_erb__3925737675234942469_24849400'




Started GET "/favicon.ico" for 127.0.0.1 at 2012-04-13 21:04:07 +0200

ActionController::RoutingError (No route matches [GET] "/favicon.ico"):
  actionpack (3.2.1) lib/action_dispatch/middleware/debug_exceptions.rb:21:in `call'
  actionpack (3.2.1) lib/action_dispatch/middleware/show_exceptions.rb:56:in `call'
  railties (3.2.1) lib/rails/rack/logger.rb:26:in `call_app'
  railties (3.2.1) lib/rails/rack/logger.rb:16:in `call'
  actionpack (3.2.1) lib/action_dispatch/middleware/request_id.rb:22:in `call'
  rack (1.4.1) lib/rack/methodoverride.rb:21:in `call'
  rack (1.4.1) lib/rack/runtime.rb:17:in `call'
  activesupport (3.2.1) lib/active_support/cache/strategy/local_cache.rb:72:in `call'
  rack (1.4.1) lib/rack/lock.rb:15:in `call'
  rack-cache (1.2) lib/rack/cache/context.rb:136:in `forward'
  rack-cache (1.2) lib/rack/cache/context.rb:245:in `fetch'
  rack-cache (1.2) lib/rack/cache/context.rb:185:in `lookup'
  rack-cache (1.2) lib/rack/cache/context.rb:66:in `call!'
  rack-cache (1.2) lib/rack/cache/context.rb:51:in `call'
  railties (3.2.1) lib/rails/engine.rb:479:in `call'
  railties (3.2.1) lib/rails/application.rb:220:in `call'
  rack (1.4.1) lib/rack/content_length.rb:14:in `call'
  railties (3.2.1) lib/rails/rack/log_tailer.rb:14:in `call'
  rack (1.4.1) lib/rack/handler/webrick.rb:59:in `service'
  /home/andreas/.rvm/rubies/ruby-1.9.3-p125/lib/ruby/1.9.1/webrick/httpserver.rb:138:in `service'
  /home/andreas/.rvm/rubies/ruby-1.9.3-p125/lib/ruby/1.9.1/webrick/httpserver.rb:94:in `run'
  /home/andreas/.rvm/rubies/ruby-1.9.3-p125/lib/ruby/1.9.1/webrick/server.rb:191:in `block in start_thread'


Compiled jquery.js  (20ms)  (pid 4587)
Compiled jquery_ujs.js  (0ms)  (pid 4587)
Compiled jquery.ui.core.js  (0ms)  (pid 4587)
Compiled jquery.ui.widget.js  (0ms)  (pid 4587)
Compiled jquery.ui.mouse.js  (0ms)  (pid 4587)
Compiled jquery.ui.draggable.js  (8ms)  (pid 4587)
Compiled jquery.ui.droppable.js  (1ms)  (pid 4587)
Compiled jquery.ui.button.js  (1ms)  (pid 4587)
Compiled jquery.ui.position.js  (0ms)  (pid 4587)
Compiled jquery.ui.dialog.js  (23ms)  (pid 4587)
Compiled jquery.ui.slider.js  (1ms)  (pid 4587)
Compiled jquery.ui.datepicker.js  (0ms)  (pid 4587)
Compiled jquery.ui.selectmenu.js  (0ms)  (pid 4587)
Compiled jquery.validate.js  (0ms)  (pid 4587)
Compiled jquery.ba-bbq.min.js  (0ms)  (pid 4587)
Compiled jquery.quicksearch.js  (0ms)  (pid 4587)
Compiled navigation.js  (0ms)  (pid 4587)
Compiled logs.js  (0ms)  (pid 4587)
Compiled log_tracking.js  (0ms)  (pid 4587)
Compiled raphael-min.js  (19ms)  (pid 4587)
Compiled elycharts.min.js  (0ms)  (pid 4587)
Compiled tabs.js  (0ms)  (pid 4587)
Compiled employees.js  (0ms)  (pid 4587)
Compiled charts.js  (0ms)  (pid 4587)
Compiled timesheet.js  (0ms)  (pid 4587)
Compiled jquery.jclock.js  (0ms)  (pid 4587)
Compiled application.js  (127ms)  (pid 4587)
Compiled application.css  (325ms)  (pid 4587)
Compiled jquery.js  (1ms)  (pid 4714)
Compiled jquery_ujs.js  (0ms)  (pid 4714)
Compiled jquery.ui.core.js  (0ms)  (pid 4714)
Compiled jquery.ui.widget.js  (0ms)  (pid 4714)
Compiled jquery.ui.mouse.js  (1ms)  (pid 4714)
Compiled jquery.ui.draggable.js  (10ms)  (pid 4714)
Compiled jquery.ui.droppable.js  (2ms)  (pid 4714)
Compiled jquery.ui.button.js  (1ms)  (pid 4714)
Compiled jquery.ui.position.js  (0ms)  (pid 4714)
Compiled jquery.ui.dialog.js  (5ms)  (pid 4714)
Compiled jquery.ui.slider.js  (2ms)  (pid 4714)
Compiled jquery.ui.datepicker.js  (1ms)  (pid 4714)
Compiled jquery.ui.selectmenu.js  (0ms)  (pid 4714)
Compiled jquery.validate.js  (0ms)  (pid 4714)
Compiled jquery.ba-bbq.min.js  (0ms)  (pid 4714)
Compiled jquery.quicksearch.js  (0ms)  (pid 4714)
Compiled navigation.js  (0ms)  (pid 4714)
Compiled logs.js  (0ms)  (pid 4714)
Compiled log_tracking.js  (0ms)  (pid 4714)
Compiled raphael-min.js  (0ms)  (pid 4714)
Compiled elycharts.min.js  (0ms)  (pid 4714)
Compiled tabs.js  (0ms)  (pid 4714)
Compiled employees.js  (0ms)  (pid 4714)
Compiled charts.js  (0ms)  (pid 4714)
Compiled timesheet.js  (0ms)  (pid 4714)
Compiled jquery.jclock.js  (0ms)  (pid 4714)
Compiled application.js  (149ms)  (pid 4714)
Compiled application.css  (317ms)  (pid 4714)


Started GET "/" for 127.0.0.1 at 2012-04-13 21:05:53 +0200
Processing by PublicController#index as HTML
  Rendered public/index.html.erb within layouts/registration (59.0ms)
Completed 500 Internal Server Error in 68ms

ActionView::Template::Error (Could not find table 'users'):
    10: 	<% end %>
    11: 
    12: 
    13: <%= form_for(resource, :as => resource_name, :url => session_path(resource_name)) do |f| %>
    14:   <div class="signup-form-field"><%= f.label :email %>
    15:  <%= f.text_field :email %></div>
    16:   <div class="signup-form-field"><%= f.label :password %>
  app/helpers/application_helper.rb:58:in `new'
  app/helpers/application_helper.rb:58:in `resource'
  app/views/public/index.html.erb:13:in `_app_views_public_index_html_erb___3935432176249096374_36164320'




Started GET "/favicon.ico" for 127.0.0.1 at 2012-04-13 21:05:53 +0200

ActionController::RoutingError (No route matches [GET] "/favicon.ico"):
  actionpack (3.2.1) lib/action_dispatch/middleware/debug_exceptions.rb:21:in `call'
  actionpack (3.2.1) lib/action_dispatch/middleware/show_exceptions.rb:56:in `call'
  railties (3.2.1) lib/rails/rack/logger.rb:26:in `call_app'
  railties (3.2.1) lib/rails/rack/logger.rb:16:in `call'
  actionpack (3.2.1) lib/action_dispatch/middleware/request_id.rb:22:in `call'
  rack (1.4.1) lib/rack/methodoverride.rb:21:in `call'
  rack (1.4.1) lib/rack/runtime.rb:17:in `call'
  activesupport (3.2.1) lib/active_support/cache/strategy/local_cache.rb:72:in `call'
  rack (1.4.1) lib/rack/lock.rb:15:in `call'
  rack-cache (1.2) lib/rack/cache/context.rb:136:in `forward'
  rack-cache (1.2) lib/rack/cache/context.rb:245:in `fetch'
  rack-cache (1.2) lib/rack/cache/context.rb:185:in `lookup'
  rack-cache (1.2) lib/rack/cache/context.rb:66:in `call!'
  rack-cache (1.2) lib/rack/cache/context.rb:51:in `call'
  railties (3.2.1) lib/rails/engine.rb:479:in `call'
  railties (3.2.1) lib/rails/application.rb:220:in `call'
  rack (1.4.1) lib/rack/content_length.rb:14:in `call'
  railties (3.2.1) lib/rails/rack/log_tailer.rb:14:in `call'
  rack (1.4.1) lib/rack/handler/webrick.rb:59:in `service'
  /home/andreas/.rvm/rubies/ruby-1.9.3-p125/lib/ruby/1.9.1/webrick/httpserver.rb:138:in `service'
  /home/andreas/.rvm/rubies/ruby-1.9.3-p125/lib/ruby/1.9.1/webrick/httpserver.rb:94:in `run'
  /home/andreas/.rvm/rubies/ruby-1.9.3-p125/lib/ruby/1.9.1/webrick/server.rb:191:in `block in start_thread'




Started GET "/users/sign_in" for 127.0.0.1 at 2012-04-13 21:06:47 +0200
Processing by SessionsController#new as HTML
Completed 500 Internal Server Error in 2ms

ActiveRecord::StatementInvalid (Could not find table 'users'):
  app/controllers/sessions_controller.rb:5:in `new'




Started GET "/favicon.ico" for 127.0.0.1 at 2012-04-13 21:06:47 +0200

ActionController::RoutingError (No route matches [GET] "/favicon.ico"):
  actionpack (3.2.1) lib/action_dispatch/middleware/debug_exceptions.rb:21:in `call'
  actionpack (3.2.1) lib/action_dispatch/middleware/show_exceptions.rb:56:in `call'
  railties (3.2.1) lib/rails/rack/logger.rb:26:in `call_app'
  railties (3.2.1) lib/rails/rack/logger.rb:16:in `call'
  actionpack (3.2.1) lib/action_dispatch/middleware/request_id.rb:22:in `call'
  rack (1.4.1) lib/rack/methodoverride.rb:21:in `call'
  rack (1.4.1) lib/rack/runtime.rb:17:in `call'
  activesupport (3.2.1) lib/active_support/cache/strategy/local_cache.rb:72:in `call'
  rack (1.4.1) lib/rack/lock.rb:15:in `call'
  rack-cache (1.2) lib/rack/cache/context.rb:136:in `forward'
  rack-cache (1.2) lib/rack/cache/context.rb:245:in `fetch'
  rack-cache (1.2) lib/rack/cache/context.rb:185:in `lookup'
  rack-cache (1.2) lib/rack/cache/context.rb:66:in `call!'
  rack-cache (1.2) lib/rack/cache/context.rb:51:in `call'
  railties (3.2.1) lib/rails/engine.rb:479:in `call'
  railties (3.2.1) lib/rails/application.rb:220:in `call'
  rack (1.4.1) lib/rack/content_length.rb:14:in `call'
  railties (3.2.1) lib/rails/rack/log_tailer.rb:14:in `call'
  rack (1.4.1) lib/rack/handler/webrick.rb:59:in `service'
  /home/andreas/.rvm/rubies/ruby-1.9.3-p125/lib/ruby/1.9.1/webrick/httpserver.rb:138:in `service'
  /home/andreas/.rvm/rubies/ruby-1.9.3-p125/lib/ruby/1.9.1/webrick/httpserver.rb:94:in `run'
  /home/andreas/.rvm/rubies/ruby-1.9.3-p125/lib/ruby/1.9.1/webrick/server.rb:191:in `block in start_thread'




Started GET "/users/sign_in" for 127.0.0.1 at 2012-04-13 21:07:38 +0200
Processing by SessionsController#new as HTML
Completed 500 Internal Server Error in 0ms

ActiveRecord::StatementInvalid (Could not find table 'users'):
  app/controllers/sessions_controller.rb:5:in `new'




Started GET "/favicon.ico" for 127.0.0.1 at 2012-04-13 21:07:38 +0200

ActionController::RoutingError (No route matches [GET] "/favicon.ico"):
  actionpack (3.2.1) lib/action_dispatch/middleware/debug_exceptions.rb:21:in `call'
  actionpack (3.2.1) lib/action_dispatch/middleware/show_exceptions.rb:56:in `call'
  railties (3.2.1) lib/rails/rack/logger.rb:26:in `call_app'
  railties (3.2.1) lib/rails/rack/logger.rb:16:in `call'
  actionpack (3.2.1) lib/action_dispatch/middleware/request_id.rb:22:in `call'
  rack (1.4.1) lib/rack/methodoverride.rb:21:in `call'
  rack (1.4.1) lib/rack/runtime.rb:17:in `call'
  activesupport (3.2.1) lib/active_support/cache/strategy/local_cache.rb:72:in `call'
  rack (1.4.1) lib/rack/lock.rb:15:in `call'
  rack-cache (1.2) lib/rack/cache/context.rb:136:in `forward'
  rack-cache (1.2) lib/rack/cache/context.rb:245:in `fetch'
  rack-cache (1.2) lib/rack/cache/context.rb:185:in `lookup'
  rack-cache (1.2) lib/rack/cache/context.rb:66:in `call!'
  rack-cache (1.2) lib/rack/cache/context.rb:51:in `call'
  railties (3.2.1) lib/rails/engine.rb:479:in `call'
  railties (3.2.1) lib/rails/application.rb:220:in `call'
  rack (1.4.1) lib/rack/content_length.rb:14:in `call'
  railties (3.2.1) lib/rails/rack/log_tailer.rb:14:in `call'
  rack (1.4.1) lib/rack/handler/webrick.rb:59:in `service'
  /home/andreas/.rvm/rubies/ruby-1.9.3-p125/lib/ruby/1.9.1/webrick/httpserver.rb:138:in `service'
  /home/andreas/.rvm/rubies/ruby-1.9.3-p125/lib/ruby/1.9.1/webrick/httpserver.rb:94:in `run'
  /home/andreas/.rvm/rubies/ruby-1.9.3-p125/lib/ruby/1.9.1/webrick/server.rb:191:in `block in start_thread'




Started GET "/users/sign_in" for 127.0.0.1 at 2012-04-13 21:07:39 +0200
Processing by SessionsController#new as HTML
Completed 500 Internal Server Error in 1ms

ActiveRecord::StatementInvalid (Could not find table 'users'):
  app/controllers/sessions_controller.rb:5:in `new'




Started GET "/favicon.ico" for 127.0.0.1 at 2012-04-13 21:07:39 +0200

ActionController::RoutingError (No route matches [GET] "/favicon.ico"):
  actionpack (3.2.1) lib/action_dispatch/middleware/debug_exceptions.rb:21:in `call'
  actionpack (3.2.1) lib/action_dispatch/middleware/show_exceptions.rb:56:in `call'
  railties (3.2.1) lib/rails/rack/logger.rb:26:in `call_app'
  railties (3.2.1) lib/rails/rack/logger.rb:16:in `call'
  actionpack (3.2.1) lib/action_dispatch/middleware/request_id.rb:22:in `call'
  rack (1.4.1) lib/rack/methodoverride.rb:21:in `call'
  rack (1.4.1) lib/rack/runtime.rb:17:in `call'
  activesupport (3.2.1) lib/active_support/cache/strategy/local_cache.rb:72:in `call'
  rack (1.4.1) lib/rack/lock.rb:15:in `call'
  rack-cache (1.2) lib/rack/cache/context.rb:136:in `forward'
  rack-cache (1.2) lib/rack/cache/context.rb:245:in `fetch'
  rack-cache (1.2) lib/rack/cache/context.rb:185:in `lookup'
  rack-cache (1.2) lib/rack/cache/context.rb:66:in `call!'
  rack-cache (1.2) lib/rack/cache/context.rb:51:in `call'
  railties (3.2.1) lib/rails/engine.rb:479:in `call'
  railties (3.2.1) lib/rails/application.rb:220:in `call'
  rack (1.4.1) lib/rack/content_length.rb:14:in `call'
  railties (3.2.1) lib/rails/rack/log_tailer.rb:14:in `call'
  rack (1.4.1) lib/rack/handler/webrick.rb:59:in `service'
  /home/andreas/.rvm/rubies/ruby-1.9.3-p125/lib/ruby/1.9.1/webrick/httpserver.rb:138:in `service'
  /home/andreas/.rvm/rubies/ruby-1.9.3-p125/lib/ruby/1.9.1/webrick/httpserver.rb:94:in `run'
  /home/andreas/.rvm/rubies/ruby-1.9.3-p125/lib/ruby/1.9.1/webrick/server.rb:191:in `block in start_thread'




Started GET "/users/sign_in" for 127.0.0.1 at 2012-04-13 21:07:40 +0200
Processing by SessionsController#new as HTML
Completed 500 Internal Server Error in 1ms

ActiveRecord::StatementInvalid (Could not find table 'users'):
  app/controllers/sessions_controller.rb:5:in `new'




Started GET "/favicon.ico" for 127.0.0.1 at 2012-04-13 21:07:40 +0200

ActionController::RoutingError (No route matches [GET] "/favicon.ico"):
  actionpack (3.2.1) lib/action_dispatch/middleware/debug_exceptions.rb:21:in `call'
  actionpack (3.2.1) lib/action_dispatch/middleware/show_exceptions.rb:56:in `call'
  railties (3.2.1) lib/rails/rack/logger.rb:26:in `call_app'
  railties (3.2.1) lib/rails/rack/logger.rb:16:in `call'
  actionpack (3.2.1) lib/action_dispatch/middleware/request_id.rb:22:in `call'
  rack (1.4.1) lib/rack/methodoverride.rb:21:in `call'
  rack (1.4.1) lib/rack/runtime.rb:17:in `call'
  activesupport (3.2.1) lib/active_support/cache/strategy/local_cache.rb:72:in `call'
  rack (1.4.1) lib/rack/lock.rb:15:in `call'
  rack-cache (1.2) lib/rack/cache/context.rb:136:in `forward'
  rack-cache (1.2) lib/rack/cache/context.rb:245:in `fetch'
  rack-cache (1.2) lib/rack/cache/context.rb:185:in `lookup'
  rack-cache (1.2) lib/rack/cache/context.rb:66:in `call!'
  rack-cache (1.2) lib/rack/cache/context.rb:51:in `call'
  railties (3.2.1) lib/rails/engine.rb:479:in `call'
  railties (3.2.1) lib/rails/application.rb:220:in `call'
  rack (1.4.1) lib/rack/content_length.rb:14:in `call'
  railties (3.2.1) lib/rails/rack/log_tailer.rb:14:in `call'
  rack (1.4.1) lib/rack/handler/webrick.rb:59:in `service'
  /home/andreas/.rvm/rubies/ruby-1.9.3-p125/lib/ruby/1.9.1/webrick/httpserver.rb:138:in `service'
  /home/andreas/.rvm/rubies/ruby-1.9.3-p125/lib/ruby/1.9.1/webrick/httpserver.rb:94:in `run'
  /home/andreas/.rvm/rubies/ruby-1.9.3-p125/lib/ruby/1.9.1/webrick/server.rb:191:in `block in start_thread'




Started GET "/users/sign_in" for 127.0.0.1 at 2012-04-13 21:08:31 +0200
Processing by SessionsController#new as HTML
Completed 500 Internal Server Error in 0ms

ActiveRecord::StatementInvalid (Could not find table 'users'):
  app/controllers/sessions_controller.rb:5:in `new'




Started GET "/favicon.ico" for 127.0.0.1 at 2012-04-13 21:08:31 +0200

ActionController::RoutingError (No route matches [GET] "/favicon.ico"):
  actionpack (3.2.1) lib/action_dispatch/middleware/debug_exceptions.rb:21:in `call'
  actionpack (3.2.1) lib/action_dispatch/middleware/show_exceptions.rb:56:in `call'
  railties (3.2.1) lib/rails/rack/logger.rb:26:in `call_app'
  railties (3.2.1) lib/rails/rack/logger.rb:16:in `call'
  actionpack (3.2.1) lib/action_dispatch/middleware/request_id.rb:22:in `call'
  rack (1.4.1) lib/rack/methodoverride.rb:21:in `call'
  rack (1.4.1) lib/rack/runtime.rb:17:in `call'
  activesupport (3.2.1) lib/active_support/cache/strategy/local_cache.rb:72:in `call'
  rack (1.4.1) lib/rack/lock.rb:15:in `call'
  rack-cache (1.2) lib/rack/cache/context.rb:136:in `forward'
  rack-cache (1.2) lib/rack/cache/context.rb:245:in `fetch'
  rack-cache (1.2) lib/rack/cache/context.rb:185:in `lookup'
  rack-cache (1.2) lib/rack/cache/context.rb:66:in `call!'
  rack-cache (1.2) lib/rack/cache/context.rb:51:in `call'
  railties (3.2.1) lib/rails/engine.rb:479:in `call'
  railties (3.2.1) lib/rails/application.rb:220:in `call'
  rack (1.4.1) lib/rack/content_length.rb:14:in `call'
  railties (3.2.1) lib/rails/rack/log_tailer.rb:14:in `call'
  rack (1.4.1) lib/rack/handler/webrick.rb:59:in `service'
  /home/andreas/.rvm/rubies/ruby-1.9.3-p125/lib/ruby/1.9.1/webrick/httpserver.rb:138:in `service'
  /home/andreas/.rvm/rubies/ruby-1.9.3-p125/lib/ruby/1.9.1/webrick/httpserver.rb:94:in `run'
  /home/andreas/.rvm/rubies/ruby-1.9.3-p125/lib/ruby/1.9.1/webrick/server.rb:191:in `block in start_thread'




Started GET "/users/sign_in" for 127.0.0.1 at 2012-04-13 21:08:34 +0200
Processing by SessionsController#new as HTML
Completed 500 Internal Server Error in 1ms

ActiveRecord::StatementInvalid (Could not find table 'users'):
  app/controllers/sessions_controller.rb:5:in `new'




Started GET "/favicon.ico" for 127.0.0.1 at 2012-04-13 21:08:34 +0200

ActionController::RoutingError (No route matches [GET] "/favicon.ico"):
  actionpack (3.2.1) lib/action_dispatch/middleware/debug_exceptions.rb:21:in `call'
  actionpack (3.2.1) lib/action_dispatch/middleware/show_exceptions.rb:56:in `call'
  railties (3.2.1) lib/rails/rack/logger.rb:26:in `call_app'
  railties (3.2.1) lib/rails/rack/logger.rb:16:in `call'
  actionpack (3.2.1) lib/action_dispatch/middleware/request_id.rb:22:in `call'
  rack (1.4.1) lib/rack/methodoverride.rb:21:in `call'
  rack (1.4.1) lib/rack/runtime.rb:17:in `call'
  activesupport (3.2.1) lib/active_support/cache/strategy/local_cache.rb:72:in `call'
  rack (1.4.1) lib/rack/lock.rb:15:in `call'
  rack-cache (1.2) lib/rack/cache/context.rb:136:in `forward'
  rack-cache (1.2) lib/rack/cache/context.rb:245:in `fetch'
  rack-cache (1.2) lib/rack/cache/context.rb:185:in `lookup'
  rack-cache (1.2) lib/rack/cache/context.rb:66:in `call!'
  rack-cache (1.2) lib/rack/cache/context.rb:51:in `call'
  railties (3.2.1) lib/rails/engine.rb:479:in `call'
  railties (3.2.1) lib/rails/application.rb:220:in `call'
  rack (1.4.1) lib/rack/content_length.rb:14:in `call'
  railties (3.2.1) lib/rails/rack/log_tailer.rb:14:in `call'
  rack (1.4.1) lib/rack/handler/webrick.rb:59:in `service'
  /home/andreas/.rvm/rubies/ruby-1.9.3-p125/lib/ruby/1.9.1/webrick/httpserver.rb:138:in `service'
  /home/andreas/.rvm/rubies/ruby-1.9.3-p125/lib/ruby/1.9.1/webrick/httpserver.rb:94:in `run'
  /home/andreas/.rvm/rubies/ruby-1.9.3-p125/lib/ruby/1.9.1/webrick/server.rb:191:in `block in start_thread'




Started GET "/users/sign_in" for 127.0.0.1 at 2012-04-13 21:08:43 +0200
Processing by SessionsController#new as HTML
Completed 500 Internal Server Error in 41ms

ActiveRecord::StatementInvalid (Could not find table 'users'):
  app/controllers/sessions_controller.rb:5:in `new'




Started GET "/favicon.ico" for 127.0.0.1 at 2012-04-13 21:08:43 +0200

ActionController::RoutingError (No route matches [GET] "/favicon.ico"):
  actionpack (3.2.1) lib/action_dispatch/middleware/debug_exceptions.rb:21:in `call'
  actionpack (3.2.1) lib/action_dispatch/middleware/show_exceptions.rb:56:in `call'
  railties (3.2.1) lib/rails/rack/logger.rb:26:in `call_app'
  railties (3.2.1) lib/rails/rack/logger.rb:16:in `call'
  actionpack (3.2.1) lib/action_dispatch/middleware/request_id.rb:22:in `call'
  rack (1.4.1) lib/rack/methodoverride.rb:21:in `call'
  rack (1.4.1) lib/rack/runtime.rb:17:in `call'
  activesupport (3.2.1) lib/active_support/cache/strategy/local_cache.rb:72:in `call'
  rack (1.4.1) lib/rack/lock.rb:15:in `call'
  rack-cache (1.2) lib/rack/cache/context.rb:136:in `forward'
  rack-cache (1.2) lib/rack/cache/context.rb:245:in `fetch'
  rack-cache (1.2) lib/rack/cache/context.rb:185:in `lookup'
  rack-cache (1.2) lib/rack/cache/context.rb:66:in `call!'
  rack-cache (1.2) lib/rack/cache/context.rb:51:in `call'
  railties (3.2.1) lib/rails/engine.rb:479:in `call'
  railties (3.2.1) lib/rails/application.rb:220:in `call'
  rack (1.4.1) lib/rack/content_length.rb:14:in `call'
  railties (3.2.1) lib/rails/rack/log_tailer.rb:14:in `call'
  rack (1.4.1) lib/rack/handler/webrick.rb:59:in `service'
  /home/andreas/.rvm/rubies/ruby-1.9.3-p125/lib/ruby/1.9.1/webrick/httpserver.rb:138:in `service'
  /home/andreas/.rvm/rubies/ruby-1.9.3-p125/lib/ruby/1.9.1/webrick/httpserver.rb:94:in `run'
  /home/andreas/.rvm/rubies/ruby-1.9.3-p125/lib/ruby/1.9.1/webrick/server.rb:191:in `block in start_thread'




Started GET "/" for 127.0.0.1 at 2012-04-13 21:08:48 +0200
Processing by PublicController#index as HTML
  Rendered public/index.html.erb within layouts/registration (3.6ms)
Completed 500 Internal Server Error in 39ms

ActionView::Template::Error (Could not find table 'users'):
    10: 	<% end %>
    11: 
    12: 
    13: <%= form_for(resource, :as => resource_name, :url => session_path(resource_name)) do |f| %>
    14:   <div class="signup-form-field"><%= f.label :email %>
    15:  <%= f.text_field :email %></div>
    16:   <div class="signup-form-field"><%= f.label :password %>
  app/helpers/application_helper.rb:58:in `new'
  app/helpers/application_helper.rb:58:in `resource'
  app/views/public/index.html.erb:13:in `_app_views_public_index_html_erb__3314688660355966075_26235180'




Started GET "/favicon.ico" for 127.0.0.1 at 2012-04-13 21:08:48 +0200

ActionController::RoutingError (No route matches [GET] "/favicon.ico"):
  actionpack (3.2.1) lib/action_dispatch/middleware/debug_exceptions.rb:21:in `call'
  actionpack (3.2.1) lib/action_dispatch/middleware/show_exceptions.rb:56:in `call'
  railties (3.2.1) lib/rails/rack/logger.rb:26:in `call_app'
  railties (3.2.1) lib/rails/rack/logger.rb:16:in `call'
  actionpack (3.2.1) lib/action_dispatch/middleware/request_id.rb:22:in `call'
  rack (1.4.1) lib/rack/methodoverride.rb:21:in `call'
  rack (1.4.1) lib/rack/runtime.rb:17:in `call'
  activesupport (3.2.1) lib/active_support/cache/strategy/local_cache.rb:72:in `call'
  rack (1.4.1) lib/rack/lock.rb:15:in `call'
  rack-cache (1.2) lib/rack/cache/context.rb:136:in `forward'
  rack-cache (1.2) lib/rack/cache/context.rb:245:in `fetch'
  rack-cache (1.2) lib/rack/cache/context.rb:185:in `lookup'
  rack-cache (1.2) lib/rack/cache/context.rb:66:in `call!'
  rack-cache (1.2) lib/rack/cache/context.rb:51:in `call'
  railties (3.2.1) lib/rails/engine.rb:479:in `call'
  railties (3.2.1) lib/rails/application.rb:220:in `call'
  rack (1.4.1) lib/rack/content_length.rb:14:in `call'
  railties (3.2.1) lib/rails/rack/log_tailer.rb:14:in `call'
  rack (1.4.1) lib/rack/handler/webrick.rb:59:in `service'
  /home/andreas/.rvm/rubies/ruby-1.9.3-p125/lib/ruby/1.9.1/webrick/httpserver.rb:138:in `service'
  /home/andreas/.rvm/rubies/ruby-1.9.3-p125/lib/ruby/1.9.1/webrick/httpserver.rb:94:in `run'
  /home/andreas/.rvm/rubies/ruby-1.9.3-p125/lib/ruby/1.9.1/webrick/server.rb:191:in `block in start_thread'




Started GET "/favicon.ico" for 127.0.0.1 at 2012-04-13 21:11:26 +0200

ActionController::RoutingError (No route matches [GET] "/favicon.ico"):
  actionpack (3.2.1) lib/action_dispatch/middleware/debug_exceptions.rb:21:in `call'
  actionpack (3.2.1) lib/action_dispatch/middleware/show_exceptions.rb:56:in `call'
  railties (3.2.1) lib/rails/rack/logger.rb:26:in `call_app'
  railties (3.2.1) lib/rails/rack/logger.rb:16:in `call'
  actionpack (3.2.1) lib/action_dispatch/middleware/request_id.rb:22:in `call'
  rack (1.4.1) lib/rack/methodoverride.rb:21:in `call'
  rack (1.4.1) lib/rack/runtime.rb:17:in `call'
  activesupport (3.2.1) lib/active_support/cache/strategy/local_cache.rb:72:in `call'
  rack (1.4.1) lib/rack/lock.rb:15:in `call'
  rack-cache (1.2) lib/rack/cache/context.rb:136:in `forward'
  rack-cache (1.2) lib/rack/cache/context.rb:245:in `fetch'
  rack-cache (1.2) lib/rack/cache/context.rb:185:in `lookup'
  rack-cache (1.2) lib/rack/cache/context.rb:66:in `call!'
  rack-cache (1.2) lib/rack/cache/context.rb:51:in `call'
  railties (3.2.1) lib/rails/engine.rb:479:in `call'
  railties (3.2.1) lib/rails/application.rb:220:in `call'
  rack (1.4.1) lib/rack/content_length.rb:14:in `call'
  railties (3.2.1) lib/rails/rack/log_tailer.rb:14:in `call'
  rack (1.4.1) lib/rack/handler/webrick.rb:59:in `service'
  /home/andreas/.rvm/rubies/ruby-1.9.3-p125/lib/ruby/1.9.1/webrick/httpserver.rb:138:in `service'
  /home/andreas/.rvm/rubies/ruby-1.9.3-p125/lib/ruby/1.9.1/webrick/httpserver.rb:94:in `run'
  /home/andreas/.rvm/rubies/ruby-1.9.3-p125/lib/ruby/1.9.1/webrick/server.rb:191:in `block in start_thread'




Started GET "/favicon.ico" for 127.0.0.1 at 2012-04-13 21:11:26 +0200

ActionController::RoutingError (No route matches [GET] "/favicon.ico"):
  actionpack (3.2.1) lib/action_dispatch/middleware/debug_exceptions.rb:21:in `call'
  actionpack (3.2.1) lib/action_dispatch/middleware/show_exceptions.rb:56:in `call'
  railties (3.2.1) lib/rails/rack/logger.rb:26:in `call_app'
  railties (3.2.1) lib/rails/rack/logger.rb:16:in `call'
  actionpack (3.2.1) lib/action_dispatch/middleware/request_id.rb:22:in `call'
  rack (1.4.1) lib/rack/methodoverride.rb:21:in `call'
  rack (1.4.1) lib/rack/runtime.rb:17:in `call'
  activesupport (3.2.1) lib/active_support/cache/strategy/local_cache.rb:72:in `call'
  rack (1.4.1) lib/rack/lock.rb:15:in `call'
  rack-cache (1.2) lib/rack/cache/context.rb:136:in `forward'
  rack-cache (1.2) lib/rack/cache/context.rb:245:in `fetch'
  rack-cache (1.2) lib/rack/cache/context.rb:185:in `lookup'
  rack-cache (1.2) lib/rack/cache/context.rb:66:in `call!'
  rack-cache (1.2) lib/rack/cache/context.rb:51:in `call'
  railties (3.2.1) lib/rails/engine.rb:479:in `call'
  railties (3.2.1) lib/rails/application.rb:220:in `call'
  rack (1.4.1) lib/rack/content_length.rb:14:in `call'
  railties (3.2.1) lib/rails/rack/log_tailer.rb:14:in `call'
  rack (1.4.1) lib/rack/handler/webrick.rb:59:in `service'
  /home/andreas/.rvm/rubies/ruby-1.9.3-p125/lib/ruby/1.9.1/webrick/httpserver.rb:138:in `service'
  /home/andreas/.rvm/rubies/ruby-1.9.3-p125/lib/ruby/1.9.1/webrick/httpserver.rb:94:in `run'
  /home/andreas/.rvm/rubies/ruby-1.9.3-p125/lib/ruby/1.9.1/webrick/server.rb:191:in `block in start_thread'




Started GET "/favicon.ico" for 127.0.0.1 at 2012-04-13 21:11:31 +0200

ActionController::RoutingError (No route matches [GET] "/favicon.ico"):
  actionpack (3.2.1) lib/action_dispatch/middleware/debug_exceptions.rb:21:in `call'
  actionpack (3.2.1) lib/action_dispatch/middleware/show_exceptions.rb:56:in `call'
  railties (3.2.1) lib/rails/rack/logger.rb:26:in `call_app'
  railties (3.2.1) lib/rails/rack/logger.rb:16:in `call'
  actionpack (3.2.1) lib/action_dispatch/middleware/request_id.rb:22:in `call'
  rack (1.4.1) lib/rack/methodoverride.rb:21:in `call'
  rack (1.4.1) lib/rack/runtime.rb:17:in `call'
  activesupport (3.2.1) lib/active_support/cache/strategy/local_cache.rb:72:in `call'
  rack (1.4.1) lib/rack/lock.rb:15:in `call'
  rack-cache (1.2) lib/rack/cache/context.rb:136:in `forward'
  rack-cache (1.2) lib/rack/cache/context.rb:245:in `fetch'
  rack-cache (1.2) lib/rack/cache/context.rb:185:in `lookup'
  rack-cache (1.2) lib/rack/cache/context.rb:66:in `call!'
  rack-cache (1.2) lib/rack/cache/context.rb:51:in `call'
  railties (3.2.1) lib/rails/engine.rb:479:in `call'
  railties (3.2.1) lib/rails/application.rb:220:in `call'
  rack (1.4.1) lib/rack/content_length.rb:14:in `call'
  railties (3.2.1) lib/rails/rack/log_tailer.rb:14:in `call'
  rack (1.4.1) lib/rack/handler/webrick.rb:59:in `service'
  /home/andreas/.rvm/rubies/ruby-1.9.3-p125/lib/ruby/1.9.1/webrick/httpserver.rb:138:in `service'
  /home/andreas/.rvm/rubies/ruby-1.9.3-p125/lib/ruby/1.9.1/webrick/httpserver.rb:94:in `run'
  /home/andreas/.rvm/rubies/ruby-1.9.3-p125/lib/ruby/1.9.1/webrick/server.rb:191:in `block in start_thread'




Started GET "/favicon.ico" for 127.0.0.1 at 2012-04-13 21:11:59 +0200

ActionController::RoutingError (No route matches [GET] "/favicon.ico"):
  actionpack (3.2.1) lib/action_dispatch/middleware/debug_exceptions.rb:21:in `call'
  actionpack (3.2.1) lib/action_dispatch/middleware/show_exceptions.rb:56:in `call'
  railties (3.2.1) lib/rails/rack/logger.rb:26:in `call_app'
  railties (3.2.1) lib/rails/rack/logger.rb:16:in `call'
  actionpack (3.2.1) lib/action_dispatch/middleware/request_id.rb:22:in `call'
  rack (1.4.1) lib/rack/methodoverride.rb:21:in `call'
  rack (1.4.1) lib/rack/runtime.rb:17:in `call'
  activesupport (3.2.1) lib/active_support/cache/strategy/local_cache.rb:72:in `call'
  rack (1.4.1) lib/rack/lock.rb:15:in `call'
  rack-cache (1.2) lib/rack/cache/context.rb:136:in `forward'
  rack-cache (1.2) lib/rack/cache/context.rb:245:in `fetch'
  rack-cache (1.2) lib/rack/cache/context.rb:185:in `lookup'
  rack-cache (1.2) lib/rack/cache/context.rb:66:in `call!'
  rack-cache (1.2) lib/rack/cache/context.rb:51:in `call'
  railties (3.2.1) lib/rails/engine.rb:479:in `call'
  railties (3.2.1) lib/rails/application.rb:220:in `call'
  rack (1.4.1) lib/rack/content_length.rb:14:in `call'
  railties (3.2.1) lib/rails/rack/log_tailer.rb:14:in `call'
  rack (1.4.1) lib/rack/handler/webrick.rb:59:in `service'
  /home/andreas/.rvm/rubies/ruby-1.9.3-p125/lib/ruby/1.9.1/webrick/httpserver.rb:138:in `service'
  /home/andreas/.rvm/rubies/ruby-1.9.3-p125/lib/ruby/1.9.1/webrick/httpserver.rb:94:in `run'
  /home/andreas/.rvm/rubies/ruby-1.9.3-p125/lib/ruby/1.9.1/webrick/server.rb:191:in `block in start_thread'




Started GET "/favicon.ico" for 127.0.0.1 at 2012-04-13 21:12:03 +0200

ActionController::RoutingError (No route matches [GET] "/favicon.ico"):
  actionpack (3.2.1) lib/action_dispatch/middleware/debug_exceptions.rb:21:in `call'
  actionpack (3.2.1) lib/action_dispatch/middleware/show_exceptions.rb:56:in `call'
  railties (3.2.1) lib/rails/rack/logger.rb:26:in `call_app'
  railties (3.2.1) lib/rails/rack/logger.rb:16:in `call'
  actionpack (3.2.1) lib/action_dispatch/middleware/request_id.rb:22:in `call'
  rack (1.4.1) lib/rack/methodoverride.rb:21:in `call'
  rack (1.4.1) lib/rack/runtime.rb:17:in `call'
  activesupport (3.2.1) lib/active_support/cache/strategy/local_cache.rb:72:in `call'
  rack (1.4.1) lib/rack/lock.rb:15:in `call'
  rack-cache (1.2) lib/rack/cache/context.rb:136:in `forward'
  rack-cache (1.2) lib/rack/cache/context.rb:245:in `fetch'
  rack-cache (1.2) lib/rack/cache/context.rb:185:in `lookup'
  rack-cache (1.2) lib/rack/cache/context.rb:66:in `call!'
  rack-cache (1.2) lib/rack/cache/context.rb:51:in `call'
  railties (3.2.1) lib/rails/engine.rb:479:in `call'
  railties (3.2.1) lib/rails/application.rb:220:in `call'
  rack (1.4.1) lib/rack/content_length.rb:14:in `call'
  railties (3.2.1) lib/rails/rack/log_tailer.rb:14:in `call'
  rack (1.4.1) lib/rack/handler/webrick.rb:59:in `service'
  /home/andreas/.rvm/rubies/ruby-1.9.3-p125/lib/ruby/1.9.1/webrick/httpserver.rb:138:in `service'
  /home/andreas/.rvm/rubies/ruby-1.9.3-p125/lib/ruby/1.9.1/webrick/httpserver.rb:94:in `run'
  /home/andreas/.rvm/rubies/ruby-1.9.3-p125/lib/ruby/1.9.1/webrick/server.rb:191:in `block in start_thread'




Started GET "/" for 127.0.0.1 at 2012-04-13 21:14:49 +0200
Processing by PublicController#index as HTML
  Rendered public/index.html.erb within layouts/registration (1.1ms)
Completed 500 Internal Server Error in 2ms

ActionView::Template::Error (Could not find table 'users'):
    10: 	<% end %>
    11: 
    12: 
    13: <%= form_for(resource, :as => resource_name, :url => session_path(resource_name)) do |f| %>
    14:   <div class="signup-form-field"><%= f.label :email %>
    15:  <%= f.text_field :email %></div>
    16:   <div class="signup-form-field"><%= f.label :password %>
  app/helpers/application_helper.rb:58:in `new'
  app/helpers/application_helper.rb:58:in `resource'
  app/views/public/index.html.erb:13:in `_app_views_public_index_html_erb__3314688660355966075_26235180'




Started GET "/favicon.ico" for 127.0.0.1 at 2012-04-13 21:14:49 +0200

ActionController::RoutingError (No route matches [GET] "/favicon.ico"):
  actionpack (3.2.1) lib/action_dispatch/middleware/debug_exceptions.rb:21:in `call'
  actionpack (3.2.1) lib/action_dispatch/middleware/show_exceptions.rb:56:in `call'
  railties (3.2.1) lib/rails/rack/logger.rb:26:in `call_app'
  railties (3.2.1) lib/rails/rack/logger.rb:16:in `call'
  actionpack (3.2.1) lib/action_dispatch/middleware/request_id.rb:22:in `call'
  rack (1.4.1) lib/rack/methodoverride.rb:21:in `call'
  rack (1.4.1) lib/rack/runtime.rb:17:in `call'
  activesupport (3.2.1) lib/active_support/cache/strategy/local_cache.rb:72:in `call'
  rack (1.4.1) lib/rack/lock.rb:15:in `call'
  rack-cache (1.2) lib/rack/cache/context.rb:136:in `forward'
  rack-cache (1.2) lib/rack/cache/context.rb:245:in `fetch'
  rack-cache (1.2) lib/rack/cache/context.rb:185:in `lookup'
  rack-cache (1.2) lib/rack/cache/context.rb:66:in `call!'
  rack-cache (1.2) lib/rack/cache/context.rb:51:in `call'
  railties (3.2.1) lib/rails/engine.rb:479:in `call'
  railties (3.2.1) lib/rails/application.rb:220:in `call'
  rack (1.4.1) lib/rack/content_length.rb:14:in `call'
  railties (3.2.1) lib/rails/rack/log_tailer.rb:14:in `call'
  rack (1.4.1) lib/rack/handler/webrick.rb:59:in `service'
  /home/andreas/.rvm/rubies/ruby-1.9.3-p125/lib/ruby/1.9.1/webrick/httpserver.rb:138:in `service'
  /home/andreas/.rvm/rubies/ruby-1.9.3-p125/lib/ruby/1.9.1/webrick/httpserver.rb:94:in `run'
  /home/andreas/.rvm/rubies/ruby-1.9.3-p125/lib/ruby/1.9.1/webrick/server.rb:191:in `block in start_thread'




Started GET "/" for 127.0.0.1 at 2012-04-13 21:15:14 +0200
Processing by PublicController#index as HTML
  Rendered public/index.html.erb within layouts/registration (0.4ms)
Completed 500 Internal Server Error in 1ms

ActionView::Template::Error (Could not find table 'users'):
    10: 	<% end %>
    11: 
    12: 
    13: <%= form_for(resource, :as => resource_name, :url => session_path(resource_name)) do |f| %>
    14:   <div class="signup-form-field"><%= f.label :email %>
    15:  <%= f.text_field :email %></div>
    16:   <div class="signup-form-field"><%= f.label :password %>
  app/helpers/application_helper.rb:58:in `new'
  app/helpers/application_helper.rb:58:in `resource'
  app/views/public/index.html.erb:13:in `_app_views_public_index_html_erb__3314688660355966075_26235180'




Started GET "/favicon.ico" for 127.0.0.1 at 2012-04-13 21:15:14 +0200

ActionController::RoutingError (No route matches [GET] "/favicon.ico"):
  actionpack (3.2.1) lib/action_dispatch/middleware/debug_exceptions.rb:21:in `call'
  actionpack (3.2.1) lib/action_dispatch/middleware/show_exceptions.rb:56:in `call'
  railties (3.2.1) lib/rails/rack/logger.rb:26:in `call_app'
  railties (3.2.1) lib/rails/rack/logger.rb:16:in `call'
  actionpack (3.2.1) lib/action_dispatch/middleware/request_id.rb:22:in `call'
  rack (1.4.1) lib/rack/methodoverride.rb:21:in `call'
  rack (1.4.1) lib/rack/runtime.rb:17:in `call'
  activesupport (3.2.1) lib/active_support/cache/strategy/local_cache.rb:72:in `call'
  rack (1.4.1) lib/rack/lock.rb:15:in `call'
  rack-cache (1.2) lib/rack/cache/context.rb:136:in `forward'
  rack-cache (1.2) lib/rack/cache/context.rb:245:in `fetch'
  rack-cache (1.2) lib/rack/cache/context.rb:185:in `lookup'
  rack-cache (1.2) lib/rack/cache/context.rb:66:in `call!'
  rack-cache (1.2) lib/rack/cache/context.rb:51:in `call'
  railties (3.2.1) lib/rails/engine.rb:479:in `call'
  railties (3.2.1) lib/rails/application.rb:220:in `call'
  rack (1.4.1) lib/rack/content_length.rb:14:in `call'
  railties (3.2.1) lib/rails/rack/log_tailer.rb:14:in `call'
  rack (1.4.1) lib/rack/handler/webrick.rb:59:in `service'
  /home/andreas/.rvm/rubies/ruby-1.9.3-p125/lib/ruby/1.9.1/webrick/httpserver.rb:138:in `service'
  /home/andreas/.rvm/rubies/ruby-1.9.3-p125/lib/ruby/1.9.1/webrick/httpserver.rb:94:in `run'
  /home/andreas/.rvm/rubies/ruby-1.9.3-p125/lib/ruby/1.9.1/webrick/server.rb:191:in `block in start_thread'




Started GET "/" for 127.0.0.1 at 2012-04-13 21:15:26 +0200
Processing by PublicController#index as HTML
  Rendered public/index.html.erb within layouts/registration (44.1ms)
Completed 500 Internal Server Error in 65ms

ActionView::Template::Error (Could not find table 'users'):
    10: 	<% end %>
    11: 
    12: 
    13: <%= form_for(resource, :as => resource_name, :url => session_path(resource_name)) do |f| %>
    14:   <div class="signup-form-field"><%= f.label :email %>
    15:  <%= f.text_field :email %></div>
    16:   <div class="signup-form-field"><%= f.label :password %>
  app/helpers/application_helper.rb:58:in `new'
  app/helpers/application_helper.rb:58:in `resource'
  app/views/public/index.html.erb:13:in `_app_views_public_index_html_erb__3075396025473679223_24203280'




Started GET "/favicon.ico" for 127.0.0.1 at 2012-04-13 21:15:26 +0200

ActionController::RoutingError (No route matches [GET] "/favicon.ico"):
  actionpack (3.2.1) lib/action_dispatch/middleware/debug_exceptions.rb:21:in `call'
  actionpack (3.2.1) lib/action_dispatch/middleware/show_exceptions.rb:56:in `call'
  railties (3.2.1) lib/rails/rack/logger.rb:26:in `call_app'
  railties (3.2.1) lib/rails/rack/logger.rb:16:in `call'
  actionpack (3.2.1) lib/action_dispatch/middleware/request_id.rb:22:in `call'
  rack (1.4.1) lib/rack/methodoverride.rb:21:in `call'
  rack (1.4.1) lib/rack/runtime.rb:17:in `call'
  activesupport (3.2.1) lib/active_support/cache/strategy/local_cache.rb:72:in `call'
  rack (1.4.1) lib/rack/lock.rb:15:in `call'
  rack-cache (1.2) lib/rack/cache/context.rb:136:in `forward'
  rack-cache (1.2) lib/rack/cache/context.rb:245:in `fetch'
  rack-cache (1.2) lib/rack/cache/context.rb:185:in `lookup'
  rack-cache (1.2) lib/rack/cache/context.rb:66:in `call!'
  rack-cache (1.2) lib/rack/cache/context.rb:51:in `call'
  railties (3.2.1) lib/rails/engine.rb:479:in `call'
  railties (3.2.1) lib/rails/application.rb:220:in `call'
  rack (1.4.1) lib/rack/content_length.rb:14:in `call'
  railties (3.2.1) lib/rails/rack/log_tailer.rb:14:in `call'
  rack (1.4.1) lib/rack/handler/webrick.rb:59:in `service'
  /home/andreas/.rvm/rubies/ruby-1.9.3-p125/lib/ruby/1.9.1/webrick/httpserver.rb:138:in `service'
  /home/andreas/.rvm/rubies/ruby-1.9.3-p125/lib/ruby/1.9.1/webrick/httpserver.rb:94:in `run'
  /home/andreas/.rvm/rubies/ruby-1.9.3-p125/lib/ruby/1.9.1/webrick/server.rb:191:in `block in start_thread'




Started GET "/" for 127.0.0.1 at 2012-04-13 21:17:59 +0200
Processing by PublicController#index as HTML
  Rendered public/index.html.erb within layouts/registration (59.1ms)
Completed 500 Internal Server Error in 80ms

ActionView::Template::Error (Could not find table 'users'):
    10: 	<% end %>
    11: 
    12: 
    13: <%= form_for(resource, :as => resource_name, :url => session_path(resource_name)) do |f| %>
    14:   <div class="signup-form-field"><%= f.label :email %>
    15:  <%= f.text_field :email %></div>
    16:   <div class="signup-form-field"><%= f.label :password %>
  app/helpers/application_helper.rb:58:in `new'
  app/helpers/application_helper.rb:58:in `resource'
  app/views/public/index.html.erb:13:in `_app_views_public_index_html_erb___3573356923288347258_32862140'




Started GET "/" for 127.0.0.1 at 2012-04-13 21:18:01 +0200
Processing by PublicController#index as HTML
  Rendered public/index.html.erb within layouts/registration (0.7ms)
Completed 500 Internal Server Error in 2ms

ActionView::Template::Error (Could not find table 'users'):
    10: 	<% end %>
    11: 
    12: 
    13: <%= form_for(resource, :as => resource_name, :url => session_path(resource_name)) do |f| %>
    14:   <div class="signup-form-field"><%= f.label :email %>
    15:  <%= f.text_field :email %></div>
    16:   <div class="signup-form-field"><%= f.label :password %>
  app/helpers/application_helper.rb:58:in `new'
  app/helpers/application_helper.rb:58:in `resource'
  app/views/public/index.html.erb:13:in `_app_views_public_index_html_erb___3573356923288347258_32862140'


Compiled jquery.js  (0ms)  (pid 5295)
Compiled jquery_ujs.js  (0ms)  (pid 5295)
Compiled jquery.ui.core.js  (0ms)  (pid 5295)
Compiled jquery.ui.widget.js  (0ms)  (pid 5295)
Compiled jquery.ui.mouse.js  (1ms)  (pid 5295)
Compiled jquery.ui.draggable.js  (9ms)  (pid 5295)
Compiled jquery.ui.droppable.js  (2ms)  (pid 5295)
Compiled jquery.ui.button.js  (1ms)  (pid 5295)
Compiled jquery.ui.position.js  (0ms)  (pid 5295)
Compiled jquery.ui.dialog.js  (4ms)  (pid 5295)
Compiled jquery.ui.slider.js  (1ms)  (pid 5295)
Compiled jquery.ui.datepicker.js  (0ms)  (pid 5295)
Compiled jquery.ui.selectmenu.js  (0ms)  (pid 5295)
Compiled jquery.validate.js  (0ms)  (pid 5295)
Compiled jquery.ba-bbq.min.js  (0ms)  (pid 5295)
Compiled jquery.quicksearch.js  (0ms)  (pid 5295)
Compiled navigation.js  (0ms)  (pid 5295)
Compiled logs.js  (0ms)  (pid 5295)
Compiled log_tracking.js  (0ms)  (pid 5295)
Compiled raphael-min.js  (0ms)  (pid 5295)
Compiled elycharts.min.js  (0ms)  (pid 5295)
Compiled tabs.js  (0ms)  (pid 5295)
Compiled employees.js  (0ms)  (pid 5295)
Compiled charts.js  (0ms)  (pid 5295)
Compiled timesheet.js  (0ms)  (pid 5295)
Compiled jquery.jclock.js  (0ms)  (pid 5295)
Compiled application.js  (136ms)  (pid 5295)
Compiled application.css  (306ms)  (pid 5295)


Started GET "/" for 127.0.0.1 at 2012-04-13 21:18:34 +0200
Processing by PublicController#index as HTML
  Rendered public/index.html.erb within layouts/registration (61.9ms)
Completed 500 Internal Server Error in 83ms

ActionView::Template::Error (Could not find table 'users'):
    10: 	<% end %>
    11: 
    12: 
    13: <%= form_for(resource, :as => resource_name, :url => session_path(resource_name)) do |f| %>
    14:   <div class="signup-form-field"><%= f.label :email %>
    15:  <%= f.text_field :email %></div>
    16:   <div class="signup-form-field"><%= f.label :password %>
  app/helpers/application_helper.rb:58:in `new'
  app/helpers/application_helper.rb:58:in `resource'
  app/views/public/index.html.erb:13:in `_app_views_public_index_html_erb___2679331734615603907_30724400'




Started GET "/" for 127.0.0.1 at 2012-04-13 21:18:38 +0200
Processing by PublicController#index as HTML
  Rendered public/index.html.erb within layouts/registration (1.1ms)
Completed 500 Internal Server Error in 2ms

ActionView::Template::Error (Could not find table 'users'):
    10: 	<% end %>
    11: 
    12: 
    13: <%= form_for(resource, :as => resource_name, :url => session_path(resource_name)) do |f| %>
    14:   <div class="signup-form-field"><%= f.label :email %>
    15:  <%= f.text_field :email %></div>
    16:   <div class="signup-form-field"><%= f.label :password %>
  app/helpers/application_helper.rb:58:in `new'
  app/helpers/application_helper.rb:58:in `resource'
  app/views/public/index.html.erb:13:in `_app_views_public_index_html_erb___2679331734615603907_30724400'




Started GET "/" for 127.0.0.1 at 2012-04-13 21:18:39 +0200
Processing by PublicController#index as HTML
  Rendered public/index.html.erb within layouts/registration (1.0ms)
Completed 500 Internal Server Error in 2ms

ActionView::Template::Error (Could not find table 'users'):
    10: 	<% end %>
    11: 
    12: 
    13: <%= form_for(resource, :as => resource_name, :url => session_path(resource_name)) do |f| %>
    14:   <div class="signup-form-field"><%= f.label :email %>
    15:  <%= f.text_field :email %></div>
    16:   <div class="signup-form-field"><%= f.label :password %>
  app/helpers/application_helper.rb:58:in `new'
  app/helpers/application_helper.rb:58:in `resource'
  app/views/public/index.html.erb:13:in `_app_views_public_index_html_erb___2679331734615603907_30724400'




Started GET "/" for 127.0.0.1 at 2012-04-13 21:18:39 +0200
Processing by PublicController#index as HTML
  Rendered public/index.html.erb within layouts/registration (1.0ms)
Completed 500 Internal Server Error in 2ms

ActionView::Template::Error (Could not find table 'users'):
    10: 	<% end %>
    11: 
    12: 
    13: <%= form_for(resource, :as => resource_name, :url => session_path(resource_name)) do |f| %>
    14:   <div class="signup-form-field"><%= f.label :email %>
    15:  <%= f.text_field :email %></div>
    16:   <div class="signup-form-field"><%= f.label :password %>
  app/helpers/application_helper.rb:58:in `new'
  app/helpers/application_helper.rb:58:in `resource'
  app/views/public/index.html.erb:13:in `_app_views_public_index_html_erb___2679331734615603907_30724400'




Started GET "/" for 127.0.0.1 at 2012-04-13 21:18:40 +0200
Processing by PublicController#index as HTML
  Rendered public/index.html.erb within layouts/registration (0.9ms)
Completed 500 Internal Server Error in 2ms

ActionView::Template::Error (Could not find table 'users'):
    10: 	<% end %>
    11: 
    12: 
    13: <%= form_for(resource, :as => resource_name, :url => session_path(resource_name)) do |f| %>
    14:   <div class="signup-form-field"><%= f.label :email %>
    15:  <%= f.text_field :email %></div>
    16:   <div class="signup-form-field"><%= f.label :password %>
  app/helpers/application_helper.rb:58:in `new'
  app/helpers/application_helper.rb:58:in `resource'
  app/views/public/index.html.erb:13:in `_app_views_public_index_html_erb___2679331734615603907_30724400'




Started GET "/" for 127.0.0.1 at 2012-04-13 21:18:40 +0200
Processing by PublicController#index as HTML
  Rendered public/index.html.erb within layouts/registration (0.9ms)
Completed 500 Internal Server Error in 2ms

ActionView::Template::Error (Could not find table 'users'):
    10: 	<% end %>
    11: 
    12: 
    13: <%= form_for(resource, :as => resource_name, :url => session_path(resource_name)) do |f| %>
    14:   <div class="signup-form-field"><%= f.label :email %>
    15:  <%= f.text_field :email %></div>
    16:   <div class="signup-form-field"><%= f.label :password %>
  app/helpers/application_helper.rb:58:in `new'
  app/helpers/application_helper.rb:58:in `resource'
  app/views/public/index.html.erb:13:in `_app_views_public_index_html_erb___2679331734615603907_30724400'




Started GET "/" for 127.0.0.1 at 2012-04-13 21:18:41 +0200
Processing by PublicController#index as HTML
  Rendered public/index.html.erb within layouts/registration (1.0ms)
Completed 500 Internal Server Error in 2ms

ActionView::Template::Error (Could not find table 'users'):
    10: 	<% end %>
    11: 
    12: 
    13: <%= form_for(resource, :as => resource_name, :url => session_path(resource_name)) do |f| %>
    14:   <div class="signup-form-field"><%= f.label :email %>
    15:  <%= f.text_field :email %></div>
    16:   <div class="signup-form-field"><%= f.label :password %>
  app/helpers/application_helper.rb:58:in `new'
  app/helpers/application_helper.rb:58:in `resource'
  app/views/public/index.html.erb:13:in `_app_views_public_index_html_erb___2679331734615603907_30724400'




Started GET "/" for 127.0.0.1 at 2012-04-13 21:18:41 +0200
Processing by PublicController#index as HTML
  Rendered public/index.html.erb within layouts/registration (0.9ms)
Completed 500 Internal Server Error in 2ms

ActionView::Template::Error (Could not find table 'users'):
    10: 	<% end %>
    11: 
    12: 
    13: <%= form_for(resource, :as => resource_name, :url => session_path(resource_name)) do |f| %>
    14:   <div class="signup-form-field"><%= f.label :email %>
    15:  <%= f.text_field :email %></div>
    16:   <div class="signup-form-field"><%= f.label :password %>
  app/helpers/application_helper.rb:58:in `new'
  app/helpers/application_helper.rb:58:in `resource'
  app/views/public/index.html.erb:13:in `_app_views_public_index_html_erb___2679331734615603907_30724400'




Started GET "/" for 127.0.0.1 at 2012-04-13 21:18:41 +0200
Processing by PublicController#index as HTML
  Rendered public/index.html.erb within layouts/registration (0.6ms)
Completed 500 Internal Server Error in 1ms

ActionView::Template::Error (Could not find table 'users'):
    10: 	<% end %>
    11: 
    12: 
    13: <%= form_for(resource, :as => resource_name, :url => session_path(resource_name)) do |f| %>
    14:   <div class="signup-form-field"><%= f.label :email %>
    15:  <%= f.text_field :email %></div>
    16:   <div class="signup-form-field"><%= f.label :password %>
  app/helpers/application_helper.rb:58:in `new'
  app/helpers/application_helper.rb:58:in `resource'
  app/views/public/index.html.erb:13:in `_app_views_public_index_html_erb___2679331734615603907_30724400'




Started GET "/" for 127.0.0.1 at 2012-04-13 21:18:41 +0200
Processing by PublicController#index as HTML
  Rendered public/index.html.erb within layouts/registration (0.7ms)
Completed 500 Internal Server Error in 2ms

ActionView::Template::Error (Could not find table 'users'):
    10: 	<% end %>
    11: 
    12: 
    13: <%= form_for(resource, :as => resource_name, :url => session_path(resource_name)) do |f| %>
    14:   <div class="signup-form-field"><%= f.label :email %>
    15:  <%= f.text_field :email %></div>
    16:   <div class="signup-form-field"><%= f.label :password %>
  app/helpers/application_helper.rb:58:in `new'
  app/helpers/application_helper.rb:58:in `resource'
  app/views/public/index.html.erb:13:in `_app_views_public_index_html_erb___2679331734615603907_30724400'




Started GET "/" for 127.0.0.1 at 2012-04-13 21:18:42 +0200
Processing by PublicController#index as HTML
  Rendered public/index.html.erb within layouts/registration (1.0ms)
Completed 500 Internal Server Error in 2ms

ActionView::Template::Error (Could not find table 'users'):
    10: 	<% end %>
    11: 
    12: 
    13: <%= form_for(resource, :as => resource_name, :url => session_path(resource_name)) do |f| %>
    14:   <div class="signup-form-field"><%= f.label :email %>
    15:  <%= f.text_field :email %></div>
    16:   <div class="signup-form-field"><%= f.label :password %>
  app/helpers/application_helper.rb:58:in `new'
  app/helpers/application_helper.rb:58:in `resource'
  app/views/public/index.html.erb:13:in `_app_views_public_index_html_erb___2679331734615603907_30724400'


Migrating to CreateCustomers (20100608185738)
Migrating to CreateLogs (20100608190022)
Migrating to CreateFirms (20100912092851)
Migrating to CreateTodos (20101020122814)
Migrating to CreateProjects (20101029105953)
Migrating to CreateMilestones (20101029201134)
Migrating to CreateEmployees (20101029201135)
Migrating to CreateMemberships (20101029201137)
Migrating to CreateUsers (20101029201138)
Migrating to AddAttachmentLogoToFirm (20101029201139)
Migrating to AddAttachmentAvatarToUser (20101029201140)
Migrating to AddDeviseToUsers (20101029201141)


Started GET "/" for 127.0.0.1 at 2012-04-13 21:20:01 +0200
Processing by PublicController#index as HTML
  Rendered users/_links.erb (1.2ms)
  Rendered public/index.html.erb within layouts/registration (77.5ms)
Compiled registration.css  (166ms)  (pid 5506)
Compiled jquery-ui-1.8.7custom.min.js  (0ms)  (pid 5506)
Compiled registration.js  (25ms)  (pid 5506)
Completed 200 OK in 2907ms (Views: 2906.0ms | ActiveRecord: 1.2ms)


Started GET "/assets/registration-85cfe1d7d0f36f05c4bfca0cb41d101a.css" for 127.0.0.1 at 2012-04-13 21:20:04 +0200
Served asset /registration-85cfe1d7d0f36f05c4bfca0cb41d101a.css - 200 OK (0ms)


Started GET "/assets/registration-bfbebf01ac2fc70f071b1fee6b5dbea6.js" for 127.0.0.1 at 2012-04-13 21:20:04 +0200
Served asset /registration-bfbebf01ac2fc70f071b1fee6b5dbea6.js - 200 OK (0ms)


Started GET "/assets/jquery-ui-1.8.7custom.css" for 127.0.0.1 at 2012-04-13 21:20:04 +0200
Compiled jquery-ui-1.8.7custom.css  (199ms)  (pid 5506)
Served asset /jquery-ui-1.8.7custom.css - 200 OK (203ms)


Started GET "/register" for 127.0.0.1 at 2012-04-13 21:20:12 +0200
Processing by PublicController#register as HTML
  Rendered public/_register_form.html.erb (351.0ms)
  Rendered public/register.html.erb within layouts/registration (361.1ms)
Completed 200 OK in 396ms (Views: 379.2ms | ActiveRecord: 0.6ms)


Started GET "/validates_uniqe/l" for 127.0.0.1 at 2012-04-13 21:20:16 +0200
Processing by PublicController#validates_uniqe as JS
  Parameters: {"subdomain"=>"l"}
  Rendered public/validates_uniqe.js.erb (0.1ms)
Completed 200 OK in 40ms (Views: 5.0ms | ActiveRecord: 0.1ms)


Started GET "/validates_uniqe/li" for 127.0.0.1 at 2012-04-13 21:20:17 +0200
Processing by PublicController#validates_uniqe as JS
  Parameters: {"subdomain"=>"li"}
  Rendered public/validates_uniqe.js.erb (0.1ms)
Completed 200 OK in 2ms (Views: 1.0ms | ActiveRecord: 0.3ms)


Started GET "/validates_uniqe/lis" for 127.0.0.1 at 2012-04-13 21:20:17 +0200
Processing by PublicController#validates_uniqe as JS
  Parameters: {"subdomain"=>"lis"}
  Rendered public/validates_uniqe.js.erb (0.0ms)
Completed 200 OK in 2ms (Views: 0.8ms | ActiveRecord: 0.3ms)


Started GET "/validates_uniqe/li" for 127.0.0.1 at 2012-04-13 21:20:17 +0200
Processing by PublicController#validates_uniqe as JS
  Parameters: {"subdomain"=>"li"}
  Rendered public/validates_uniqe.js.erb (0.1ms)
Completed 200 OK in 3ms (Views: 0.9ms | ActiveRecord: 0.3ms)


Started GET "/validates_uniqe/lix" for 127.0.0.1 at 2012-04-13 21:20:18 +0200
Processing by PublicController#validates_uniqe as JS
  Parameters: {"subdomain"=>"lix"}
  Rendered public/validates_uniqe.js.erb (0.0ms)
Completed 200 OK in 2ms (Views: 0.8ms | ActiveRecord: 0.2ms)


Started GET "/validates_uniqe/lixx" for 127.0.0.1 at 2012-04-13 21:20:18 +0200
Processing by PublicController#validates_uniqe as JS
  Parameters: {"subdomain"=>"lixx"}
  Rendered public/validates_uniqe.js.erb (0.0ms)
Completed 200 OK in 2ms (Views: 0.9ms | ActiveRecord: 0.3ms)


Started GET "/validates_uniqe/lix" for 127.0.0.1 at 2012-04-13 21:20:18 +0200
Processing by PublicController#validates_uniqe as JS
  Parameters: {"subdomain"=>"lix"}
  Rendered public/validates_uniqe.js.erb (0.0ms)
Completed 200 OK in 2ms (Views: 0.8ms | ActiveRecord: 0.2ms)


Started GET "/validates_uniqe/lixz" for 127.0.0.1 at 2012-04-13 21:20:19 +0200
Processing by PublicController#validates_uniqe as JS
  Parameters: {"subdomain"=>"lixz"}
  Rendered public/validates_uniqe.js.erb (0.0ms)
Completed 200 OK in 2ms (Views: 0.7ms | ActiveRecord: 0.2ms)


Started GET "/validates_uniqe/lix" for 127.0.0.1 at 2012-04-13 21:20:19 +0200
Processing by PublicController#validates_uniqe as JS
  Parameters: {"subdomain"=>"lix"}
  Rendered public/validates_uniqe.js.erb (0.0ms)
Completed 200 OK in 2ms (Views: 0.8ms | ActiveRecord: 0.3ms)


Started GET "/validates_uniqe/li" for 127.0.0.1 at 2012-04-13 21:20:19 +0200
Processing by PublicController#validates_uniqe as JS
  Parameters: {"subdomain"=>"li"}
  Rendered public/validates_uniqe.js.erb (0.0ms)
Completed 200 OK in 2ms (Views: 0.8ms | ActiveRecord: 0.3ms)


Started GET "/validates_uniqe/liz" for 127.0.0.1 at 2012-04-13 21:20:19 +0200
Processing by PublicController#validates_uniqe as JS
  Parameters: {"subdomain"=>"liz"}
  Rendered public/validates_uniqe.js.erb (0.1ms)
Completed 200 OK in 2ms (Views: 1.5ms | ActiveRecord: 0.3ms)


Started GET "/validates_uniqe/lizz" for 127.0.0.1 at 2012-04-13 21:20:19 +0200
Processing by PublicController#validates_uniqe as JS
  Parameters: {"subdomain"=>"lizz"}
  Rendered public/validates_uniqe.js.erb (0.0ms)
Completed 200 OK in 2ms (Views: 0.9ms | ActiveRecord: 0.2ms)


Started POST "/firms" for 127.0.0.1 at 2012-04-13 21:20:21 +0200
Processing by FirmsController#create as HTML
  Parameters: {"utf8"=>"", "authenticity_token"=>"mYo+Z8oe42iqilmJNtBWjk64iSkaRKaZ9B2sK1EFbVg=", "firm"=>{"name"=>"lizz", "subdomain"=>"lizz", "phone"=>"", "address"=>"", "lang"=>"en", "currency"=>"US Dollar", "time_zone"=>"UTC"}, "commit"=>"next"}
[paperclip] Saving attachments.
Redirected to http://lvh.me:3000/register/1/user
Completed 302 Found in 52ms (ActiveRecord: 16.2ms)


Started GET "/register/1/user" for 127.0.0.1 at 2012-04-13 21:20:21 +0200
Processing by PublicController#first_user as HTML
  Parameters: {"firm_id"=>"1"}
  Rendered public/first_user.html.erb within layouts/registration (3.9ms)
Completed 200 OK in 33ms (Views: 6.2ms | ActiveRecord: 0.2ms)


Started POST "/register/1/user" for 127.0.0.1 at 2012-04-13 21:20:45 +0200
Processing by PublicController#create as HTML
  Parameters: {"utf8"=>"", "authenticity_token"=>"mYo+Z8oe42iqilmJNtBWjk64iSkaRKaZ9B2sK1EFbVg=", "user"=>{"firm_id"=>"1", "name"=>"Andreas Lyngstad", "email"=>"andreas@lizz.no", "password"=>"[FILTERED]", "phone"=>""}, "commit"=>"Save", "firm_id"=>"1"}
Binary data inserted for `string` type on column `encrypted_password`
[paperclip] Saving attachments.
Redirected to http://lvh.me:3000/statistics
Completed 302 Found in 95ms (ActiveRecord: 6.2ms)


Started GET "/statistics" for 127.0.0.1 at 2012-04-13 21:20:45 +0200

ActionController::RoutingError (No route matches [GET] "/statistics"):
  actionpack (3.2.1) lib/action_dispatch/middleware/debug_exceptions.rb:21:in `call'
  actionpack (3.2.1) lib/action_dispatch/middleware/show_exceptions.rb:56:in `call'
  railties (3.2.1) lib/rails/rack/logger.rb:26:in `call_app'
  railties (3.2.1) lib/rails/rack/logger.rb:16:in `call'
  actionpack (3.2.1) lib/action_dispatch/middleware/request_id.rb:22:in `call'
  rack (1.4.1) lib/rack/methodoverride.rb:21:in `call'
  rack (1.4.1) lib/rack/runtime.rb:17:in `call'
  activesupport (3.2.1) lib/active_support/cache/strategy/local_cache.rb:72:in `call'
  rack (1.4.1) lib/rack/lock.rb:15:in `call'
  actionpack (3.2.1) lib/action_dispatch/middleware/static.rb:53:in `call'
  rack-cache (1.2) lib/rack/cache/context.rb:136:in `forward'
  rack-cache (1.2) lib/rack/cache/context.rb:245:in `fetch'
  rack-cache (1.2) lib/rack/cache/context.rb:185:in `lookup'
  rack-cache (1.2) lib/rack/cache/context.rb:66:in `call!'
  rack-cache (1.2) lib/rack/cache/context.rb:51:in `call'
  railties (3.2.1) lib/rails/engine.rb:479:in `call'
  railties (3.2.1) lib/rails/application.rb:220:in `call'
  rack (1.4.1) lib/rack/content_length.rb:14:in `call'
  railties (3.2.1) lib/rails/rack/log_tailer.rb:14:in `call'
  rack (1.4.1) lib/rack/handler/webrick.rb:59:in `service'
  /home/andreas/.rvm/rubies/ruby-1.9.3-p125/lib/ruby/1.9.1/webrick/httpserver.rb:138:in `service'
  /home/andreas/.rvm/rubies/ruby-1.9.3-p125/lib/ruby/1.9.1/webrick/httpserver.rb:94:in `run'
  /home/andreas/.rvm/rubies/ruby-1.9.3-p125/lib/ruby/1.9.1/webrick/server.rb:191:in `block in start_thread'




Started GET "/statistics" for 127.0.0.1 at 2012-04-13 21:21:02 +0200
Processing by PrivateController#statistics as HTML
Completed 401 Unauthorized in 3ms


Started GET "/users/sign_in" for 127.0.0.1 at 2012-04-13 21:21:02 +0200
Processing by SessionsController#new as HTML
  Rendered devise/_links.erb (1.7ms)
  Rendered devise/sessions/new.html.erb within layouts/registration (7.1ms)
Completed 200 OK in 42ms (Views: 41.0ms | ActiveRecord: 0.0ms)


Started GET "/assets/registration-85cfe1d7d0f36f05c4bfca0cb41d101a.css" for 127.0.0.1 at 2012-04-13 21:21:02 +0200
Served asset /registration-85cfe1d7d0f36f05c4bfca0cb41d101a.css - 200 OK (0ms)


Started GET "/assets/registration-bfbebf01ac2fc70f071b1fee6b5dbea6.js" for 127.0.0.1 at 2012-04-13 21:21:02 +0200
Served asset /registration-bfbebf01ac2fc70f071b1fee6b5dbea6.js - 200 OK (0ms)


Started GET "/assets/jquery-ui-1.8.7custom.css" for 127.0.0.1 at 2012-04-13 21:21:02 +0200
Served asset /jquery-ui-1.8.7custom.css - 200 OK (0ms)


Started POST "/users/sign_in" for 127.0.0.1 at 2012-04-13 21:21:14 +0200
Processing by SessionsController#create as HTML
  Parameters: {"utf8"=>"", "authenticity_token"=>"gDVoMKPILUHlUsf+W0ga63I8Lu9J6RZnRtNnFWddxS0=", "user"=>{"email"=>"andreas@lizz.no", "password"=>"[FILTERED]", "remember_me"=>"0"}, "commit"=>"Sign in"}
[paperclip] Saving attachments.
Redirected to http://lizz.lvh.me:3000/statistics
Completed 302 Found in 96ms (ActiveRecord: 0.0ms)


Started GET "/statistics" for 127.0.0.1 at 2012-04-13 21:21:15 +0200
Processing by PrivateController#statistics as HTML
  Rendered private/_home_header.html.erb (1.4ms)
  Rendered private/_statistics.html.erb (3.0ms)
  Rendered private/statistics.html.erb within layouts/application (3.8ms)
  Rendered layouts/_header.html.erb (0.5ms)
Completed 200 OK in 28ms (Views: 8.4ms | ActiveRecord: 1.9ms)


Started GET "/assets/navi_styles.css" for 127.0.0.1 at 2012-04-13 21:21:15 +0200
Compiled navi_styles.css  (11ms)  (pid 5506)
Served asset /navi_styles.css - 200 OK (19ms)


Started GET "/assets/charts.css" for 127.0.0.1 at 2012-04-13 21:21:15 +0200
Compiled charts.css  (5ms)  (pid 5506)
Served asset /charts.css - 200 OK (10ms)


Started GET "/assets/calendar.css" for 127.0.0.1 at 2012-04-13 21:21:15 +0200
Compiled calendar.css  (4ms)  (pid 5506)
Served asset /calendar.css - 200 OK (9ms)


Started GET "/assets/timesheet.css" for 127.0.0.1 at 2012-04-13 21:21:15 +0200
Compiled timesheet.css  (4ms)  (pid 5506)
Served asset /timesheet.css - 200 OK (7ms)


Started GET "/logs" for 127.0.0.1 at 2012-04-13 21:21:19 +0200
Processing by LogsController#index as HTML
Redirected to https://lizz.lvh.me:3000/logs
Filter chain halted as #<Proc:0x000000030962a0@/home/andreas/.rvm/gems/ruby-1.9.3-p125/gems/actionpack-3.2.1/lib/action_controller/metal/force_ssl.rb:28> rendered or redirected
Completed 301 Moved Permanently in 5ms (ActiveRecord: 0.5ms)


Started GET "/projects" for 127.0.0.1 at 2012-04-13 21:21:25 +0200
Processing by ProjectsController#index as HTML
  Rendered projects/_index.html.erb (4.5ms)
  Rendered projects/index.html.erb within layouts/application (16.8ms)
  Rendered layouts/_header.html.erb (0.1ms)
Completed 200 OK in 64ms (Views: 39.9ms | ActiveRecord: 1.7ms)


Started GET "/customers" for 127.0.0.1 at 2012-04-13 21:21:26 +0200
Processing by CustomersController#index as HTML
  Rendered collection (0.1ms)
  Rendered customers/_index.html.erb (4.4ms)
  Rendered customers/index.html.erb within layouts/application (6.5ms)
  Rendered layouts/_header.html.erb (0.1ms)
Completed 200 OK in 40ms (Views: 27.4ms | ActiveRecord: 0.6ms)


Started GET "/users" for 127.0.0.1 at 2012-04-13 21:21:27 +0200
Processing by UsersController#index as HTML
  Rendered users/_user.html.erb (5.2ms)
  Rendered users/_index.html.erb (44.7ms)
  Rendered users/index.html.erb within layouts/application (46.4ms)
  Rendered layouts/_header.html.erb (0.1ms)
Completed 200 OK in 56ms (Views: 50.4ms | ActiveRecord: 1.0ms)


Started GET "/customers" for 127.0.0.1 at 2012-04-13 21:21:29 +0200
Processing by CustomersController#index as HTML
  Rendered collection (0.0ms)
  Rendered customers/_index.html.erb (6.1ms)
  Rendered customers/index.html.erb within layouts/application (6.4ms)
  Rendered layouts/_header.html.erb (0.3ms)
Completed 200 OK in 18ms (Views: 9.2ms | ActiveRecord: 1.1ms)


Started GET "/projects" for 127.0.0.1 at 2012-04-13 21:21:29 +0200
Processing by ProjectsController#index as HTML
  Rendered projects/_index.html.erb (3.8ms)
  Rendered projects/index.html.erb within layouts/application (4.1ms)
  Rendered layouts/_header.html.erb (0.1ms)
Completed 200 OK in 14ms (Views: 5.6ms | ActiveRecord: 0.9ms)


Started GET "/logs" for 127.0.0.1 at 2012-04-13 21:21:30 +0200
Processing by LogsController#index as HTML
Redirected to https://lizz.lvh.me:3000/logs
Filter chain halted as #<Proc:0x000000030962a0@/home/andreas/.rvm/gems/ruby-1.9.3-p125/gems/actionpack-3.2.1/lib/action_controller/metal/force_ssl.rb:28> rendered or redirected
Completed 301 Moved Permanently in 3ms (ActiveRecord: 0.3ms)


Started GET "/logs" for 127.0.0.1 at 2012-04-13 21:23:35 +0200
Processing by LogsController#index as HTML
Completed 401 Unauthorized in 2ms


Started GET "/users/sign_in" for 127.0.0.1 at 2012-04-13 21:23:35 +0200
Processing by SessionsController#new as HTML
  Rendered devise/_links.erb (0.3ms)
  Rendered devise/sessions/new.html.erb within layouts/registration (4.8ms)
Completed 200 OK in 8ms (Views: 6.2ms | ActiveRecord: 0.0ms)


Started POST "/users/sign_in" for 127.0.0.1 at 2012-04-13 21:23:38 +0200
Processing by SessionsController#create as HTML
  Parameters: {"utf8"=>"", "authenticity_token"=>"FiNAf5AUbVB2EAcpQ3+aCLUWSOZTys4p7ar2zIOJkBY=", "user"=>{"email"=>"andreas@lizz.no", "password"=>"[FILTERED]", "remember_me"=>"0"}, "commit"=>"Sign in"}
[paperclip] Saving attachments.
Redirected to http://lizz.lvh.me:3000/logs
Completed 302 Found in 98ms (ActiveRecord: 0.0ms)


Started GET "/logs" for 127.0.0.1 at 2012-04-13 21:23:38 +0200
Processing by LogsController#index as HTML
Redirected to https://lizz.lvh.me:3000/logs
Filter chain halted as #<Proc:0x000000030962a0@/home/andreas/.rvm/gems/ruby-1.9.3-p125/gems/actionpack-3.2.1/lib/action_controller/metal/force_ssl.rb:28> rendered or redirected
Completed 301 Moved Permanently in 1ms (ActiveRecord: 0.2ms)


Started GET "/" for 127.0.0.1 at 2012-04-13 21:27:17 +0200
Processing by PrivateController#statistics as HTML
  Rendered private/_home_header.html.erb (1.5ms)
  Rendered private/_statistics.html.erb (1.8ms)
  Rendered private/statistics.html.erb within layouts/application (2.1ms)
  Rendered layouts/_header.html.erb (0.5ms)
Completed 200 OK in 22ms (Views: 6.5ms | ActiveRecord: 2.1ms)


Started GET "/timesheets/1" for 127.0.0.1 at 2012-04-13 21:27:19 +0200
Processing by PrivateController#timesheets as HTML
  Parameters: {"user_id"=>"1"}
  Rendered private/_home_header.html.erb (0.4ms)
  Rendered private/_timesheet_header.html.erb (21.7ms)
  Rendered private/_timesheet_table.html.erb (2.4ms)
  Rendered private/_timesheet.html.erb (25.2ms)
  Rendered private/timesheets.html.erb within layouts/application (26.3ms)
  Rendered layouts/_header.html.erb (0.2ms)
Completed 200 OK in 95ms (Views: 27.5ms | ActiveRecord: 2.8ms)


Started GET "/projects" for 127.0.0.1 at 2012-04-13 21:27:23 +0200
Processing by ProjectsController#index as HTML
  Rendered projects/_index.html.erb (5.1ms)
  Rendered projects/index.html.erb within layouts/application (5.4ms)
  Rendered layouts/_header.html.erb (0.2ms)
Completed 200 OK in 16ms (Views: 7.3ms | ActiveRecord: 1.1ms)


Started GET "/customers" for 127.0.0.1 at 2012-04-13 21:27:24 +0200
Processing by CustomersController#index as HTML
  Rendered collection (0.0ms)
  Rendered customers/_index.html.erb (5.6ms)
  Rendered customers/index.html.erb within layouts/application (6.1ms)
  Rendered layouts/_header.html.erb (0.2ms)
Completed 200 OK in 16ms (Views: 8.5ms | ActiveRecord: 1.0ms)


Started GET "/users" for 127.0.0.1 at 2012-04-13 21:27:25 +0200
Processing by UsersController#index as HTML
  Rendered users/_user.html.erb (2.4ms)
  Rendered users/_index.html.erb (31.1ms)
  Rendered users/index.html.erb within layouts/application (31.3ms)
  Rendered layouts/_header.html.erb (0.1ms)
Completed 200 OK in 35ms (Views: 32.5ms | ActiveRecord: 0.6ms)


Started GET "/logs" for 127.0.0.1 at 2012-04-13 21:27:26 +0200
Processing by LogsController#index as HTML
Redirected to https://lizz.lvh.me:3000/logs
Filter chain halted as #<Proc:0x000000030962a0@/home/andreas/.rvm/gems/ruby-1.9.3-p125/gems/actionpack-3.2.1/lib/action_controller/metal/force_ssl.rb:28> rendered or redirected
Completed 301 Moved Permanently in 4ms (ActiveRecord: 0.6ms)


Started GET "/statistics" for 127.0.0.1 at 2012-04-13 21:27:36 +0200
Processing by PrivateController#statistics as HTML
  Rendered private/_home_header.html.erb (0.7ms)
  Rendered private/_statistics.html.erb (1.0ms)
  Rendered private/statistics.html.erb within layouts/application (1.1ms)
  Rendered layouts/_header.html.erb (0.2ms)
Completed 200 OK in 10ms (Views: 2.4ms | ActiveRecord: 0.9ms)


Started GET "/projects" for 127.0.0.1 at 2012-04-13 21:27:37 +0200
Processing by ProjectsController#index as HTML
  Rendered projects/_index.html.erb (4.0ms)
  Rendered projects/index.html.erb within layouts/application (4.2ms)
  Rendered layouts/_header.html.erb (0.2ms)
Completed 200 OK in 11ms (Views: 5.7ms | ActiveRecord: 1.4ms)


Started GET "/logs" for 127.0.0.1 at 2012-04-13 21:27:37 +0200
Processing by LogsController#index as HTML
Redirected to https://lizz.lvh.me:3000/logs
Filter chain halted as #<Proc:0x000000030962a0@/home/andreas/.rvm/gems/ruby-1.9.3-p125/gems/actionpack-3.2.1/lib/action_controller/metal/force_ssl.rb:28> rendered or redirected
Completed 301 Moved Permanently in 3ms (ActiveRecord: 0.5ms)


Started GET "/logs" for 127.0.0.1 at 2012-04-13 21:27:57 +0200
Processing by LogsController#index as HTML
Completed 401 Unauthorized in 2ms


Started GET "/users/sign_in" for 127.0.0.1 at 2012-04-13 21:27:57 +0200
Processing by SessionsController#new as HTML
  Rendered devise/_links.erb (0.6ms)
  Rendered devise/sessions/new.html.erb within layouts/registration (4.9ms)
Completed 200 OK in 7ms (Views: 6.4ms | ActiveRecord: 0.0ms)


Started POST "/users/sign_in" for 127.0.0.1 at 2012-04-13 21:28:00 +0200
Processing by SessionsController#create as HTML
  Parameters: {"utf8"=>"", "authenticity_token"=>"d7mTrcj5jL55uOkqE5U0BqhzurBrfSybz3zzp8pHy6Y=", "user"=>{"email"=>"andreas@lizz.no", "password"=>"[FILTERED]", "remember_me"=>"0"}, "commit"=>"Sign in"}
[paperclip] Saving attachments.
Redirected to http://lizz.lvh.me:3000/logs
Completed 302 Found in 74ms (ActiveRecord: 0.0ms)


Started GET "/logs" for 127.0.0.1 at 2012-04-13 21:28:00 +0200
Processing by LogsController#index as HTML
Redirected to https://lizz.lvh.me:3000/logs
Filter chain halted as #<Proc:0x000000030962a0@/home/andreas/.rvm/gems/ruby-1.9.3-p125/gems/actionpack-3.2.1/lib/action_controller/metal/force_ssl.rb:28> rend